Determining if the pthread_create exist failed with the following output:
Change Dir: /home/simon/catkin_ws/build/CMakeFiles/CMakeTmp

Run Build Command:/usr/bin/make "cmTryCompileExec1610312890/fast"
/usr/bin/make -f CMakeFiles/cmTryCompileExec1610312890.dir/build.make CMakeFiles/cmTryCompileExec1610312890.dir/build
make[1]: Verzeichnis »/home/simon/catkin_ws/build/CMakeFiles/CMakeTmp« wird betreten
/usr/bin/cmake -E cmake_progress_report /home/simon/catkin_ws/build/CMakeFiles/CMakeTmp/CMakeFiles 1
Building C object CMakeFiles/cmTryCompileExec1610312890.dir/CheckSymbolExists.c.o
/usr/bin/cc    -o CMakeFiles/cmTryCompileExec1610312890.dir/CheckSymbolExists.c.o   -c /home/simon/catkin_ws/build/CMakeFiles/CMakeTmp/CheckSymbolExists.c
Linking C executable cmTryCompileExec1610312890
/usr/bin/cmake -E cmake_link_script CMakeFiles/cmTryCompileExec1610312890.dir/link.txt --verbose=1
/usr/bin/cc       CMakeFiles/cmTryCompileExec1610312890.dir/CheckSymbolExists.c.o  -o cmTryCompileExec1610312890 -rdynamic 
CMakeFiles/cmTryCompileExec1610312890.dir/CheckSymbolExists.c.o: In Funktion `main':
CheckSymbolExists.c:(.text+0x16): Nicht definierter Verweis auf `pthread_create'
collect2: error: ld returned 1 exit status
make[1]: *** [cmTryCompileExec1610312890] Fehler 1
make[1]: Verzeichnis »/home/simon/catkin_ws/build/CMakeFiles/CMakeTmp« wird verlassen
make: *** [cmTryCompileExec1610312890/fast] Fehler 2

File /home/simon/catkin_ws/build/CMakeFiles/CMakeTmp/CheckSymbolExists.c:
/* */
#include <pthread.h>

int main(int argc, char** argv)
{
  (void)argv;
#ifndef pthread_create
  return ((int*)(&pthread_create))[argc];
#else
  (void)argc;
  return 0;
#endif
}

Determining if the function pthread_create exists in the pthreads failed with the following output:
Change Dir: /home/simon/catkin_ws/build/CMakeFiles/CMakeTmp

Run Build Command:/usr/bin/make "cmTryCompileExec1915675241/fast"
/usr/bin/make -f CMakeFiles/cmTryCompileExec1915675241.dir/build.make CMakeFiles/cmTryCompileExec1915675241.dir/build
make[1]: Verzeichnis »/home/simon/catkin_ws/build/CMakeFiles/CMakeTmp« wird betreten
/usr/bin/cmake -E cmake_progress_report /home/simon/catkin_ws/build/CMakeFiles/CMakeTmp/CMakeFiles 1
Building C object CMakeFiles/cmTryCompileExec1915675241.dir/CheckFunctionExists.c.o
/usr/bin/cc   -DCHECK_FUNCTION_EXISTS=pthread_create   -o CMakeFiles/cmTryCompileExec1915675241.dir/CheckFunctionExists.c.o   -c /usr/share/cmake-2.8/Modules/CheckFunctionExists.c
Linking C executable cmTryCompileExec1915675241
/usr/bin/cmake -E cmake_link_script CMakeFiles/cmTryCompileExec1915675241.dir/link.txt --verbose=1
/usr/bin/cc   -DCHECK_FUNCTION_EXISTS=pthread_create    CMakeFiles/cmTryCompileExec1915675241.dir/CheckFunctionExists.c.o  -o cmTryCompileExec1915675241 -rdynamic -lpthreads 
/usr/bin/ld: cannot find -lpthreads
collect2: error: ld returned 1 exit status
make[1]: *** [cmTryCompileExec1915675241] Fehler 1
make[1]: Verzeichnis »/home/simon/catkin_ws/build/CMakeFiles/CMakeTmp« wird verlassen
make: *** [cmTryCompileExec1915675241/fast] Fehler 2


